[ 2016-03-20T00:17:35+08:00 ] ::1 /hw/
ERR: SQLSTATE[HY000] [2002] 向一个无法连接的网络尝试了一个套接字操作。


[ 2016-03-20T00:17:52+08:00 ] ::1 /hw/
ERR: SQLSTATE[HY000] [2002] 向一个无法连接的网络尝试了一个套接字操作。


[ 2016-03-20T00:17:58+08:00 ] ::1 /hw/
ERR: SQLSTATE[HY000] [2002] 向一个无法连接的网络尝试了一个套接字操作。


[ 2016-03-20T00:18:03+08:00 ] ::1 /hw/
ERR: SQLSTATE[HY000] [2002] 向一个无法连接的网络尝试了一个套接字操作。


[ 2016-03-20T00:18:30+08:00 ] ::1 /hw/
ERR: SQLSTATE[HY000] [2002] 向一个无法连接的网络尝试了一个套接字操作。


[ 2016-03-20T00:19:50+08:00 ] ::1 /hw/
ERR: SQLSTATE[HY000] [2002] 向一个无法连接的网络尝试了一个套接字操作。


[ 2016-03-20T00:20:30+08:00 ] ::1 /hw/
ERR: SQLSTATE[HY000] [2002] 向一个无法连接的网络尝试了一个套接字操作。


[ 2016-03-20T00:20:33+08:00 ] ::1 /hw/
ERR: SQLSTATE[HY000] [2002] 向一个无法连接的网络尝试了一个套接字操作。


[ 2016-03-20T00:20:39+08:00 ] ::1 /hw/
ERR: SQLSTATE[HY000] [2002] 向一个无法连接的网络尝试了一个套接字操作。


[ 2016-03-20T00:23:45+08:00 ] ::1 /hw/
ERR: SQLSTATE[HY000] [2002] 套接字操作尝试一个无法连接的主机。


[ 2016-03-20T00:24:48+08:00 ] ::1 /hw/
ERR: SQLSTATE[HY000] [2002] 套接字操作尝试一个无法连接的主机。


[ 2016-03-20T00:25:45+08:00 ] ::1 /hw/
ERR: SQLSTATE[HY000] [2002] 套接字操作尝试一个无法连接的主机。


[ 2016-03-20T00:25:47+08:00 ] ::1 /hw/
ERR: SQLSTATE[HY000] [2002] 套接字操作尝试一个无法连接的主机。


[ 2016-03-20T00:33:04+08:00 ] ::1 /hw/
ERR: SQLSTATE[HY000] [2002] 向一个无法连接的网络尝试了一个套接字操作。


[ 2016-03-20T12:22:11+08:00 ] ::1 /hw/
ERR: SQLSTATE[HY000] [1045] Access denied for user 'root'@'122.233.78.27' (using password: YES)

[ 2016-03-20T12:22:33+08:00 ] ::1 /hw/
ERR: SQLSTATE[HY000] [1045] Access denied for user 'root'@'122.233.78.27' (using password: YES)

[ 2016-03-20T12:24:12+08:00 ] ::1 /hw/
ERR: SQLSTATE[HY000] [2002] php_network_getaddresses: getaddrinfo failed: 不知道这样的主机。 

[ 2016-03-20T12:24:12+08:00 ] ::1 /hw/
ERR: SQLSTATE[HY000] [2002] php_network_getaddresses: getaddrinfo failed: 不知道这样的主机。 

[ 2016-03-20T12:24:20+08:00 ] ::1 /hw/
ERR: SQLSTATE[HY000] [1045] Access denied for user 'root'@'localhost' (using password: YES)

[ 2016-03-20T12:24:39+08:00 ] ::1 /hw/
ERR: SQLSTATE[HY000] [1045] Access denied for user 'root'@'localhost' (using password: YES)

[ 2016-03-20T12:24:50+08:00 ] ::1 /hw/
ERR: SQLSTATE[HY000] [1045] Access denied for user 'root'@'localhost' (using password: YES)

[ 2016-03-20T12:24:52+08:00 ] ::1 /hw/
ERR: SQLSTATE[HY000] [1045] Access denied for user 'root'@'localhost' (using password: YES)

[ 2016-03-20T12:24:59+08:00 ] ::1 /hw/
ERR: SQLSTATE[HY000] [1049] Unknown database 'hw'

[ 2016-03-20T12:25:15+08:00 ] ::1 /hw/
ERR: SQLSTATE[HY000] [1049] Unknown database 'hw'

[ 2016-03-20T12:25:18+08:00 ] ::1 /hw/
ERR: SQLSTATE[HY000] [1049] Unknown database 'hw'

[ 2016-03-20T23:12:05+08:00 ] ::1 /hw/
ERR: SQLSTATE[HY000] [2002] 由于连接方在一段时间后没有正确答复或连接的主机没有反应，连接尝试失败。


[ 2016-03-20T23:12:38+08:00 ] ::1 /hw/
ERR: SQLSTATE[HY000] [2002] 由于连接方在一段时间后没有正确答复或连接的主机没有反应，连接尝试失败。


[ 2016-03-20T23:13:08+08:00 ] ::1 /hw/
ERR: SQLSTATE[HY000] [2002] 由于连接方在一段时间后没有正确答复或连接的主机没有反应，连接尝试失败。


[ 2016-03-20T23:13:29+08:00 ] ::1 /hw/
ERR: SQLSTATE[HY000] [2002] 由于连接方在一段时间后没有正确答复或连接的主机没有反应，连接尝试失败。


