[ 2016-03-18T10:21:38+08:00 ] ::1 /source/video
ERR: 无法加载控制器:Source

[ 2016-03-18T15:16:10+08:00 ] ::1 /hw/hw/
ERR: SQLSTATE[HY000] [1049] Unknown database 'hw'

[ 2016-03-18T15:16:10+08:00 ] ::1 /hw/hw/
ERR: SQLSTATE[HY000] [1049] Unknown database 'hw'

[ 2016-03-18T15:16:20+08:00 ] ::1 /hw/hw/
ERR: SQLSTATE[HY000] [1049] Unknown database 'hw'

[ 2016-03-18T15:16:51+08:00 ] ::1 /hw/hw/
ERR: 无法加载控制器:Hw

[ 2016-03-18T15:16:52+08:00 ] ::1 /hw/hw/
ERR: 无法加载控制器:Hw

[ 2016-03-18T15:16:56+08:00 ] ::1 /hw/
ERR: 1146:Table 'hw.hw_video' doesn't exist
 [ SQL语句 ] : SHOW COLUMNS FROM `hw_video`

[ 2016-03-18T15:40:18+08:00 ] ::1 /hw/_PUBLIC_/web/js/jquery.js
ERR: 无法加载控制器:_PUBLIC_

[ 2016-03-18T15:40:18+08:00 ] ::1 /hw/_PUBLIC_/web/js/main.js
ERR: 无法加载控制器:_PUBLIC_

[ 2016-03-18T15:40:18+08:00 ] ::1 /hw/_PUBLIC_/web/js/jquery.mousewheel.min.js
ERR: 无法加载控制器:_PUBLIC_

[ 2016-03-18T15:40:18+08:00 ] ::1 /hw/_PUBLIC_/web/css/main.css
ERR: 无法加载控制器:_PUBLIC_

[ 2016-03-18T15:40:19+08:00 ] ::1 /hw/_PUBLIC_/web/js/jquery.js
ERR: 无法加载控制器:_PUBLIC_

[ 2016-03-18T15:40:19+08:00 ] ::1 /hw/_PUBLIC_/web/movies/movie.mp4
ERR: 无法加载控制器:_PUBLIC_

[ 2016-03-18T15:40:19+08:00 ] ::1 /hw/_PUBLIC_/web/movies/movie.ogg
ERR: 无法加载控制器:_PUBLIC_

[ 2016-03-18T15:40:19+08:00 ] ::1 /hw/_PUBLIC_/web/movies/movie.webm
ERR: 无法加载控制器:_PUBLIC_

[ 2016-03-18T15:40:21+08:00 ] ::1 /hw/_PUBLIC_/web/js/main.js
ERR: 无法加载控制器:_PUBLIC_

[ 2016-03-18T15:40:21+08:00 ] ::1 /hw/_PUBLIC_/web/css/main.css
ERR: 无法加载控制器:_PUBLIC_

[ 2016-03-18T15:40:21+08:00 ] ::1 /hw/_PUBLIC_/web/js/jquery.js
ERR: 无法加载控制器:_PUBLIC_

[ 2016-03-18T15:40:21+08:00 ] ::1 /hw/_PUBLIC_/web/js/jquery.mousewheel.min.js
ERR: 无法加载控制器:_PUBLIC_

[ 2016-03-18T15:40:21+08:00 ] ::1 /hw/_PUBLIC_/web/movies/movie.mp4
ERR: 无法加载控制器:_PUBLIC_

[ 2016-03-18T15:40:21+08:00 ] ::1 /hw/_PUBLIC_/web/movies/movie.ogg
ERR: 无法加载控制器:_PUBLIC_

[ 2016-03-18T15:40:21+08:00 ] ::1 /hw/_PUBLIC_/web/movies/movie.webm
ERR: 无法加载控制器:_PUBLIC_

[ 2016-03-18T15:40:22+08:00 ] ::1 /hw/_PUBLIC_/web/js/main.js
ERR: 无法加载控制器:_PUBLIC_

[ 2016-03-18T15:40:22+08:00 ] ::1 /hw/_PUBLIC_/web/js/jquery.js
ERR: 无法加载控制器:_PUBLIC_

[ 2016-03-18T15:40:22+08:00 ] ::1 /hw/_PUBLIC_/web/js/jquery.mousewheel.min.js
ERR: 无法加载控制器:_PUBLIC_

[ 2016-03-18T15:40:22+08:00 ] ::1 /hw/_PUBLIC_/web/css/main.css
ERR: 无法加载控制器:_PUBLIC_

[ 2016-03-18T15:40:22+08:00 ] ::1 /hw/_PUBLIC_/web/movies/movie.mp4
ERR: 无法加载控制器:_PUBLIC_

[ 2016-03-18T15:40:22+08:00 ] ::1 /hw/_PUBLIC_/web/movies/movie.ogg
ERR: 无法加载控制器:_PUBLIC_

[ 2016-03-18T15:40:22+08:00 ] ::1 /hw/_PUBLIC_/web/movies/movie.webm
ERR: 无法加载控制器:_PUBLIC_

[ 2016-03-18T15:40:23+08:00 ] ::1 /hw/_PUBLIC_/web/css/main.css
ERR: 无法加载控制器:_PUBLIC_

[ 2016-03-18T15:40:23+08:00 ] ::1 /hw/_PUBLIC_/web/js/main.js
ERR: 无法加载控制器:_PUBLIC_

[ 2016-03-18T15:40:23+08:00 ] ::1 /hw/_PUBLIC_/web/js/jquery.js
ERR: 无法加载控制器:_PUBLIC_

[ 2016-03-18T15:40:23+08:00 ] ::1 /hw/_PUBLIC_/web/js/jquery.mousewheel.min.js
ERR: 无法加载控制器:_PUBLIC_

[ 2016-03-18T15:40:24+08:00 ] ::1 /hw/_PUBLIC_/web/movies/movie.mp4
ERR: 无法加载控制器:_PUBLIC_

[ 2016-03-18T15:40:24+08:00 ] ::1 /hw/_PUBLIC_/web/movies/movie.ogg
ERR: 无法加载控制器:_PUBLIC_

[ 2016-03-18T15:40:24+08:00 ] ::1 /hw/_PUBLIC_/web/movies/movie.webm
ERR: 无法加载控制器:_PUBLIC_

[ 2016-03-18T15:42:30+08:00 ] ::1 /hw/_PUBLIC_/web/js/jquery.js
ERR: 无法加载控制器:_PUBLIC_

[ 2016-03-18T15:42:30+08:00 ] ::1 /hw/_PUBLIC_/web/css/main.css
ERR: 无法加载控制器:_PUBLIC_

[ 2016-03-18T15:42:30+08:00 ] ::1 /hw/_PUBLIC_/web/js/main.js
ERR: 无法加载控制器:_PUBLIC_

[ 2016-03-18T15:42:30+08:00 ] ::1 /hw/_PUBLIC_/web/js/jquery.mousewheel.min.js
ERR: 无法加载控制器:_PUBLIC_

[ 2016-03-18T15:42:30+08:00 ] ::1 /hw/_PUBLIC_/web/movies/movie.mp4
ERR: 无法加载控制器:_PUBLIC_

[ 2016-03-18T15:42:30+08:00 ] ::1 /hw/_PUBLIC_/web/movies/movie.ogg
ERR: 无法加载控制器:_PUBLIC_

[ 2016-03-18T15:42:30+08:00 ] ::1 /hw/_PUBLIC_/web/movies/movie.webm
ERR: 无法加载控制器:_PUBLIC_

