[ 2016-03-04T18:38:23+08:00 ] ::1 /
ERR: SQLSTATE[HY000] [1045] Access denied for user 'root'@'localhost' (using password: YES)

[ 2016-03-04T18:53:33+08:00 ] ::1 /jion
ERR: 无法加载控制器:Jion

[ 2016-03-04T18:53:38+08:00 ] ::1 /join
ERR: 无法加载控制器:Join

[ 2016-03-04T18:53:51+08:00 ] ::1 /index.php/home/join
ERR: 无法加载控制器:Join

[ 2016-03-04T18:54:05+08:00 ] ::1 /index.php/home/index/jion
ERR: 非法操作:jion

[ 2016-03-04T18:58:03+08:00 ] ::1 /index.php/home/index/jion
ERR: 非法操作:jion

[ 2016-03-04T18:58:05+08:00 ] ::1 /index.php/home/join
ERR: 无法加载控制器:Join

[ 2016-03-04T18:58:06+08:00 ] ::1 /join
ERR: 无法加载控制器:Join

[ 2016-03-04T18:58:07+08:00 ] ::1 /jion
ERR: 无法加载控制器:Jion

[ 2016-03-04T18:58:43+08:00 ] ::1 /index/intro.html
ERR: 1146:Table 'hw.hw_intro' doesn't exist
 [ SQL语句 ] : SHOW COLUMNS FROM `hw_intro`

